<?xml version="1.0" encoding="UTF-8"?>
<!-- Generated by org.testng.reporters.JUnitReportReporter -->
<testsuite skipped="0" hostname="LAPTOP-A7HIT538" name="com.testng.demo.Class3" tests="2" failures="0" timestamp="19 Nov 2021 11:05:35 GMT" time="0.005" errors="0">
  <testcase name="m5" time="0.004" classname="com.testng.demo.Class3"/>
  <testcase name="m6" time="0.001" classname="com.testng.demo.Class3"/>
</testsuite> <!-- com.testng.demo.Class3 -->
