<?xml version="1.0" encoding="UTF-8"?>
<!-- Generated by org.testng.reporters.JUnitReportReporter -->
<testsuite skipped="0" hostname="LAPTOP-A7HIT538" name="com.testng.demo.Class2" tests="4" failures="0" timestamp="19 Nov 2021 11:05:19 GMT" time="0.012" errors="0">
  <testcase name="m4" time="0.009" classname="com.testng.demo.Class2"/>
  <testcase name="m3" time="0.001" classname="com.testng.demo.Class2"/>
  <testcase name="m8" time="0.001" classname="com.testng.demo.Class2"/>
  <testcase name="m9" time="0.001" classname="com.testng.demo.Class2"/>
</testsuite> <!-- com.testng.demo.Class2 -->
