<?xml version="1.0" encoding="UTF-8"?>
<!-- Generated by org.testng.reporters.JUnitReportReporter -->
<testsuite skipped="0" hostname="LAPTOP-A7HIT538" name="com.testng.demo.Class1" tests="2" failures="0" timestamp="12 Nov 2021 14:25:55 GMT" time="0.005" errors="0">
  <testcase name="m2" time="0.001" classname="com.testng.demo.Class1"/>
  <testcase name="m2" time="0.004" classname="com.testng.demo.Class1"/>
</testsuite> <!-- com.testng.demo.Class1 -->
