<?xml version="1.0" encoding="UTF-8"?>
<!-- Generated by org.testng.reporters.JUnitReportReporter -->
<testsuite skipped="0" hostname="LAPTOP-A7HIT538" name="com.dataproviderdemo.FirstDataProvider" tests="3" failures="0" timestamp="19 Nov 2021 11:06:00 GMT" time="0.010" errors="0">
  <testcase name="tc_01" time="0.001" classname="com.dataproviderdemo.FirstDataProvider"/>
  <testcase name="tc_01" time="0.001" classname="com.dataproviderdemo.FirstDataProvider"/>
  <testcase name="tc_01" time="0.008" classname="com.dataproviderdemo.FirstDataProvider"/>
</testsuite> <!-- com.dataproviderdemo.FirstDataProvider -->
