<?xml version="1.0" encoding="UTF-8"?>
<!-- Generated by org.testng.reporters.JUnitReportReporter -->
<testsuite skipped="0" hostname="LAPTOP-A7HIT538" name="com.dataproviderdemo.TestClass" tests="3" failures="0" timestamp="02 Dec 2021 16:31:43 GMT" time="0.010" errors="0">
  <testcase name="testMethod" time="0.001" classname="com.dataproviderdemo.TestClass"/>
  <testcase name="testMethod" time="0.001" classname="com.dataproviderdemo.TestClass"/>
  <testcase name="testMethod" time="0.008" classname="com.dataproviderdemo.TestClass"/>
</testsuite> <!-- com.dataproviderdemo.TestClass -->
